Determining if the pthread_create exist failed with the following output:
Change Dir: /home/chris/Desktop/robot_camera_calibration/simulation_ws/build/CMakeFiles/CMakeTmp

Run Build Command:"/usr/bin/make" "cmTC_023fe/fast"
/usr/bin/make -f CMakeFiles/cmTC_023fe.dir/build.make CMakeFiles/cmTC_023fe.dir/build
make[1]: Entering directory '/home/chris/Desktop/robot_camera_calibration/simulation_ws/build/CMakeFiles/CMakeTmp'
Building C object CMakeFiles/cmTC_023fe.dir/CheckSymbolExists.c.o
/usr/bin/cc     -o CMakeFiles/cmTC_023fe.dir/CheckSymbolExists.c.o   -c /home/chris/Desktop/robot_camera_calibration/simulation_ws/build/CMakeFiles/CMakeTmp/CheckSymbolExists.c
Linking C executable cmTC_023fe
/usr/bin/cmake -E cmake_link_script CMakeFiles/cmTC_023fe.dir/link.txt --verbose=1
/usr/bin/cc       CMakeFiles/cmTC_023fe.dir/CheckSymbolExists.c.o  -o cmTC_023fe -rdynamic 
CMakeFiles/cmTC_023fe.dir/CheckSymbolExists.c.o: In function `main':
CheckSymbolExists.c:(.text+0x16): undefined reference to `pthread_create'
collect2: error: ld returned 1 exit status
CMakeFiles/cmTC_023fe.dir/build.make:97: recipe for target 'cmTC_023fe' failed
make[1]: *** [cmTC_023fe] Error 1
make[1]: Leaving directory '/home/chris/Desktop/robot_camera_calibration/simulation_ws/build/CMakeFiles/CMakeTmp'
Makefile:126: recipe for target 'cmTC_023fe/fast' failed
make: *** [cmTC_023fe/fast] Error 2

File /home/chris/Desktop/robot_camera_calibration/simulation_ws/build/CMakeFiles/CMakeTmp/CheckSymbolExists.c:
/* */
#include <pthread.h>

int main(int argc, char** argv)
{
  (void)argv;
#ifndef pthread_create
  return ((int*)(&pthread_create))[argc];
#else
  (void)argc;
  return 0;
#endif
}

Determining if the function pthread_create exists in the pthreads failed with the following output:
Change Dir: /home/chris/Desktop/robot_camera_calibration/simulation_ws/build/CMakeFiles/CMakeTmp

Run Build Command:"/usr/bin/make" "cmTC_a4b3c/fast"
/usr/bin/make -f CMakeFiles/cmTC_a4b3c.dir/build.make CMakeFiles/cmTC_a4b3c.dir/build
make[1]: Entering directory '/home/chris/Desktop/robot_camera_calibration/simulation_ws/build/CMakeFiles/CMakeTmp'
Building C object CMakeFiles/cmTC_a4b3c.dir/CheckFunctionExists.c.o
/usr/bin/cc    -DCHECK_FUNCTION_EXISTS=pthread_create   -o CMakeFiles/cmTC_a4b3c.dir/CheckFunctionExists.c.o   -c /usr/share/cmake-3.5/Modules/CheckFunctionExists.c
Linking C executable cmTC_a4b3c
/usr/bin/cmake -E cmake_link_script CMakeFiles/cmTC_a4b3c.dir/link.txt --verbose=1
/usr/bin/cc   -DCHECK_FUNCTION_EXISTS=pthread_create    CMakeFiles/cmTC_a4b3c.dir/CheckFunctionExists.c.o  -o cmTC_a4b3c -rdynamic -lpthreads 
/usr/bin/ld: cannot find -lpthreads
collect2: error: ld returned 1 exit status
CMakeFiles/cmTC_a4b3c.dir/build.make:97: recipe for target 'cmTC_a4b3c' failed
make[1]: *** [cmTC_a4b3c] Error 1
make[1]: Leaving directory '/home/chris/Desktop/robot_camera_calibration/simulation_ws/build/CMakeFiles/CMakeTmp'
Makefile:126: recipe for target 'cmTC_a4b3c/fast' failed
make: *** [cmTC_a4b3c/fast] Error 2


